2025-07-24T21:56:02 config: inotify: auto_update was disabled. enable during compilation phase
2025-07-24T21:56:02 mpg123: mpg123_getformat() failed: Message: I am done with this track.
2025-07-24T21:56:02 mpg123: mpg123_getformat() failed: Message: I am done with this track.
2025-07-24T21:56:02 ffmpeg/mp3: Format mp3 detected only with low score of 1, misdetection possible!
2025-07-24T21:56:02 ffmpeg/mp3: Failed to find two consecutive MPEG audio frames.
2025-07-24T21:56:02 ffmpeg/mov,mp4,m4a,3gp,3g2,mj2: Format mov,mp4,m4a,3gp,3g2,mj2 detected only with low score of 1, misdetection possible!
2025-07-24T21:56:02 ffmpeg/mov,mp4,m4a,3gp,3g2,mj2: moov atom not found
2025-07-25T14:49:43 config: inotify: auto_update was disabled. enable during compilation phase
2025-07-25T16:11:13 config: inotify: auto_update was disabled. enable during compilation phase
2025-07-25T16:29:11 update: added /Chvály z obývačky ｜ Godzone Live zo Španej Doliny.mp3
2025-07-25T16:31:57 player: played "Chvály z obývačky ｜ Godzone Live zo Španej Doliny.mp3"
2025-07-25T16:39:09 update: added /DÔVERUJEM ZAS - ESPÉ, KATARÍNA JURA ｜ Godzone tour 2024.mp3
2025-07-25T16:39:59 player: played "DÔVERUJEM ZAS - ESPÉ, KATARÍNA JURA ｜ Godzone tour 2024.mp3"
2025-07-25T21:39:25 player: played "DÔVERUJEM ZAS - ESPÉ, KATARÍNA JURA ｜ Godzone tour 2024.mp3"
2025-07-25T21:40:15 player: played "DÔVERUJEM ZAS - ESPÉ, KATARÍNA JURA ｜ Godzone tour 2024.mp3"
2025-07-25T22:08:03 update: added /ESPÉ - Na krídlach lásky (Official).mp3
2025-07-25T22:08:03 update: added /Martin Mitro & Lenka Radvanská ｜ chvály Godzone konferencia 2022.mp3
2025-07-26T23:43:51 player: played "DÔVERUJEM ZAS - ESPÉ, KATARÍNA JURA ｜ Godzone tour 2024.mp3"
2025-07-28T12:41:08 config: inotify: auto_update was disabled. enable during compilation phase
2025-07-28T12:45:41 player: played "DÔVERUJEM ZAS - ESPÉ, KATARÍNA JURA ｜ Godzone tour 2024.mp3"
2025-07-28T13:20:39 player: played "Martin Mitro & Lenka Radvanská ｜ chvály Godzone konferencia 2022.mp3"
2025-07-28T14:22:27 player: played "Chvály z obývačky ｜ Godzone Live zo Španej Doliny.mp3"
2025-07-28T14:30:47 player: played "ESPÉ - Na krídlach lásky (Official).mp3"
2025-07-28T15:31:38 player: played "DÔVERUJEM ZAS - ESPÉ, KATARÍNA JURA ｜ Godzone tour 2024.mp3"
2025-07-28T16:06:37 player: played "Martin Mitro & Lenka Radvanská ｜ chvály Godzone konferencia 2022.mp3"
2025-07-28T20:21:33 update: added /Timothy - MOJE PERY ⧸o,o,o ja Ťa milujem⧸ ｜ OFFICIAL.mp3
2025-07-28T20:21:33 update: added /Požehnanie - GODZONE (Ft. ESPÉ, Katarina Jura).mp3
2025-07-28T20:21:33 update: added /V TEBE ZAČÍNAM - GODZONE, ESPÉ ｜ GODZONE TOUR 2022.mp3
2025-07-28T20:21:33 update: added /Milosťou žijem (live) - JEDEN - PiarMusic.mp3
2025-07-28T20:21:33 update: added /Ja verím - Godzone, ESPÉ ｜ Worship Nights Live.mp3
2025-07-28T20:21:33 update: added /Po Celý Svoj Život.mp3
2025-07-28T20:21:33 update: added /Verný Si ：： LCH LIVE!.mp3
2025-07-28T20:21:33 update: added /Náš Boh.mp3
2025-07-28T20:21:33 update: added /ESPÉ - Pre Teba áno (Official) 4K.mp3
2025-07-28T20:21:33 update: added /ESPÉ - Návrat (Official).mp3
2025-07-28T20:21:33 update: added /ESPÉ - Buď odvážny (Official).mp3
2025-07-28T20:21:33 update: added /MÔJ HRIECH TVOJ KRÍŽ - Jakub Slaninka ｜ TWC School LIVESTREAM.mp3
2025-07-28T20:21:33 update: added /PROSÍM VSTÚP ｜ Timothy a hostia (CF2018 hymna OFFICIAL).mp3
2025-07-28T20:21:33 update: added /Godzone Tour 2015 ⧸⧸ Heartbeat ⧸⧸ Verný Boh ⧸⧸ Official Video.mp3
2025-07-28T20:21:33 update: added /🎵 ESPÉ - NEKONEČNÁ LÁSKA ｜ ZDVIHNI SVOJ HLAS.mp3
2025-07-28T20:21:33 update: added /ESPÉ - Emanuel (Official).mp3
2025-07-28T20:21:33 update: added /BCC Worship - Jediné miesto.mp3
2025-07-28T20:21:33 update: added /🎵 ESPÉ - ZNOVU POVSTÁVAM ｜ ZDVIHNI SVOJ HLAS.mp3
2025-07-28T20:21:33 update: added /Dôverujem Zas.mp3
2025-07-28T20:21:33 update: added /ESPÉ - SI CESTA ｜ GODZONE KONFERENCIA 2020.mp3
2025-07-28T20:21:33 update: added /Bližšie.mp3
2025-07-28T20:21:33 update: added /Hýbeš vrchmi - GODZONE  ⧸ Worship Nights.mp3
2025-07-28T20:30:49 player: played "ESPÉ - SI CESTA ｜ GODZONE KONFERENCIA 2020.mp3"
2025-07-28T20:40:32 player: played "Godzone Tour 2015 ⧸⧸ Heartbeat ⧸⧸ Verný Boh ⧸⧸ Official Video.mp3"
2025-07-28T20:48:36 player: played "Hýbeš vrchmi - GODZONE  ⧸ Worship Nights.mp3"
2025-07-28T20:57:55 player: played "Ja verím - Godzone, ESPÉ ｜ Worship Nights Live.mp3"
2025-07-28T21:34:32 player: played "Milosťou žijem (live) - JEDEN - PiarMusic.mp3"
2025-07-28T21:51:21 player: played "PROSÍM VSTÚP ｜ Timothy a hostia (CF2018 hymna OFFICIAL).mp3"
2025-07-28T21:58:43 player: played "Timothy - MOJE PERY ⧸o,o,o ja Ťa milujem⧸ ｜ OFFICIAL.mp3"
2025-07-28T22:08:34 player: played "V TEBE ZAČÍNAM - GODZONE, ESPÉ ｜ GODZONE TOUR 2022.mp3"
2025-07-28T22:15:59 player: played "Verný Si ：： LCH LIVE!.mp3"
2025-07-28T22:22:15 player: played "Bližšie.mp3"
2025-07-28T22:28:21 player: played "Dôverujem Zas.mp3"
2025-07-28T22:35:05 player: played "Náš Boh.mp3"
2025-07-28T22:41:30 player: played "Po Celý Svoj Život.mp3"
2025-07-29T20:31:53 player: played "PROSÍM VSTÚP ｜ Timothy a hostia (CF2018 hymna OFFICIAL).mp3"
2025-07-29T20:39:15 player: played "Timothy - MOJE PERY ⧸o,o,o ja Ťa milujem⧸ ｜ OFFICIAL.mp3"
2025-07-29T20:49:06 player: played "V TEBE ZAČÍNAM - GODZONE, ESPÉ ｜ GODZONE TOUR 2022.mp3"
2025-07-29T20:56:31 player: played "Verný Si ：： LCH LIVE!.mp3"
2025-07-29T21:02:48 player: played "Bližšie.mp3"
2025-07-29T21:08:53 player: played "Dôverujem Zas.mp3"
2025-07-29T21:15:37 player: played "Náš Boh.mp3"
2025-07-29T21:22:02 player: played "Po Celý Svoj Život.mp3"
2025-07-29T21:38:56 player: played "DÔVERUJEM ZAS - ESPÉ, KATARÍNA JURA ｜ Godzone tour 2024.mp3"
2025-07-29T22:13:54 player: played "Martin Mitro & Lenka Radvanská ｜ chvály Godzone konferencia 2022.mp3"
2025-07-30T11:42:52 player: played "Chvály z obývačky ｜ Godzone Live zo Španej Doliny.mp3"
2025-07-30T12:13:52 player: played "ESPÉ - Na krídlach lásky (Official).mp3"
2025-07-30T12:24:22 player: played "🎵 ESPÉ - NEKONEČNÁ LÁSKA ｜ ZDVIHNI SVOJ HLAS.mp3"
2025-07-30T12:34:49 player: played "🎵 ESPÉ - ZNOVU POVSTÁVAM ｜ ZDVIHNI SVOJ HLAS.mp3"
2025-07-30T12:40:57 player: played "BCC Worship - Jediné miesto.mp3"
2025-07-30T12:47:29 player: played "DÔVERUJEM ZAS - ESPÉ, KATARÍNA JURA ｜ Godzone tour 2024.mp3"
2025-07-30T12:56:11 player: played "ESPÉ - Buď odvážny (Official).mp3"
2025-07-30T13:04:15 player: played "ESPÉ - Emanuel (Official).mp3"
2025-07-30T13:12:35 player: played "ESPÉ - Na krídlach lásky (Official).mp3"
2025-07-30T13:18:55 player: played "ESPÉ - Návrat (Official).mp3"
2025-07-30T13:26:25 player: played "ESPÉ - Pre Teba áno (Official) 4K.mp3"
2025-07-30T13:33:13 player: played "ESPÉ - SI CESTA ｜ GODZONE KONFERENCIA 2020.mp3"
2025-07-30T13:42:57 player: played "Godzone Tour 2015 ⧸⧸ Heartbeat ⧸⧸ Verný Boh ⧸⧸ Official Video.mp3"
2025-07-30T13:51:00 player: played "Hýbeš vrchmi - GODZONE  ⧸ Worship Nights.mp3"
2025-07-30T14:00:19 player: played "Ja verím - Godzone, ESPÉ ｜ Worship Nights Live.mp3"
2025-07-30T14:07:36 player: played "Milosťou žijem (live) - JEDEN - PiarMusic.mp3"
2025-07-30T16:15:06 player: played "MÔJ HRIECH TVOJ KRÍŽ - Jakub Slaninka ｜ TWC School LIVESTREAM.mp3"
2025-07-30T16:42:33 config: inotify: auto_update was disabled. enable during compilation phase
2025-07-30T16:54:02 player: played "Požehnanie - GODZONE (Ft. ESPÉ, Katarina Jura).mp3"
2025-07-30T17:02:06 player: played "PROSÍM VSTÚP ｜ Timothy a hostia (CF2018 hymna OFFICIAL).mp3"
2025-07-30T17:09:29 player: played "Timothy - MOJE PERY ⧸o,o,o ja Ťa milujem⧸ ｜ OFFICIAL.mp3"
2025-07-30T17:19:19 player: played "V TEBE ZAČÍNAM - GODZONE, ESPÉ ｜ GODZONE TOUR 2022.mp3"
2025-07-30T17:26:44 player: played "Verný Si ：： LCH LIVE!.mp3"
2025-07-30T17:33:01 player: played "Bližšie.mp3"
2025-07-30T17:39:06 player: played "Dôverujem Zas.mp3"
2025-07-30T17:45:50 player: played "Náš Boh.mp3"
2025-07-30T17:52:16 player: played "Po Celý Svoj Život.mp3"
2025-07-30T21:08:39 player: played "DÔVERUJEM ZAS - ESPÉ, KATARÍNA JURA ｜ Godzone tour 2024.mp3"
2025-07-30T21:43:38 player: played "Martin Mitro & Lenka Radvanská ｜ chvály Godzone konferencia 2022.mp3"
2025-08-01T11:07:03 player: played "Chvály z obývačky ｜ Godzone Live zo Španej Doliny.mp3"
2025-08-01T11:15:24 player: played "ESPÉ - Na krídlach lásky (Official).mp3"
2025-08-01T11:25:54 player: played "🎵 ESPÉ - NEKONEČNÁ LÁSKA ｜ ZDVIHNI SVOJ HLAS.mp3"
2025-08-01T11:36:21 player: played "🎵 ESPÉ - ZNOVU POVSTÁVAM ｜ ZDVIHNI SVOJ HLAS.mp3"
2025-08-01T11:42:29 player: played "BCC Worship - Jediné miesto.mp3"
2025-08-01T11:49:00 player: played "DÔVERUJEM ZAS - ESPÉ, KATARÍNA JURA ｜ Godzone tour 2024.mp3"
2025-08-01T11:57:42 player: played "ESPÉ - Buď odvážny (Official).mp3"
2025-08-07T14:43:23 config: inotify: auto_update was disabled. enable during compilation phase
2025-08-07T14:49:45 player: played "Bližšie.mp3"
2025-08-08T11:11:43 player: played "DÔVERUJEM ZAS - ESPÉ, KATARÍNA JURA ｜ Godzone tour 2024.mp3"
2025-08-11T14:04:21 player: played "Martin Mitro & Lenka Radvanská ｜ chvály Godzone konferencia 2022.mp3"
2025-08-11T15:06:44 player: played "Chvály z obývačky ｜ Godzone Live zo Španej Doliny.mp3"
2025-08-11T15:15:04 player: played "ESPÉ - Na krídlach lásky (Official).mp3"
2025-08-11T15:25:34 player: played "🎵 ESPÉ - NEKONEČNÁ LÁSKA ｜ ZDVIHNI SVOJ HLAS.mp3"
2025-08-11T15:36:01 player: played "🎵 ESPÉ - ZNOVU POVSTÁVAM ｜ ZDVIHNI SVOJ HLAS.mp3"
2025-08-11T15:42:09 player: played "BCC Worship - Jediné miesto.mp3"
2025-08-11T15:48:41 player: played "DÔVERUJEM ZAS - ESPÉ, KATARÍNA JURA ｜ Godzone tour 2024.mp3"
2025-08-11T15:57:23 player: played "ESPÉ - Buď odvážny (Official).mp3"
2025-08-11T16:05:27 player: played "ESPÉ - Emanuel (Official).mp3"
2025-08-11T16:13:47 player: played "ESPÉ - Na krídlach lásky (Official).mp3"
2025-08-11T16:20:07 player: played "ESPÉ - Návrat (Official).mp3"
2025-08-11T16:27:38 player: played "ESPÉ - Pre Teba áno (Official) 4K.mp3"
2025-08-11T16:34:25 player: played "ESPÉ - SI CESTA ｜ GODZONE KONFERENCIA 2020.mp3"
2025-08-11T16:44:09 player: played "Godzone Tour 2015 ⧸⧸ Heartbeat ⧸⧸ Verný Boh ⧸⧸ Official Video.mp3"
2025-08-11T16:52:30 player: played "Hýbeš vrchmi - GODZONE  ⧸ Worship Nights.mp3"
2025-08-11T17:01:49 player: played "Ja verím - Godzone, ESPÉ ｜ Worship Nights Live.mp3"
2025-08-11T17:09:06 player: played "Milosťou žijem (live) - JEDEN - PiarMusic.mp3"
2025-08-11T17:18:32 player: played "MÔJ HRIECH TVOJ KRÍŽ - Jakub Slaninka ｜ TWC School LIVESTREAM.mp3"
2025-08-11T17:27:18 player: played "Požehnanie - GODZONE (Ft. ESPÉ, Katarina Jura).mp3"
2025-08-11T17:35:22 player: played "PROSÍM VSTÚP ｜ Timothy a hostia (CF2018 hymna OFFICIAL).mp3"
2025-08-11T17:42:44 player: played "Timothy - MOJE PERY ⧸o,o,o ja Ťa milujem⧸ ｜ OFFICIAL.mp3"
2025-08-12T11:50:57 player: played "V TEBE ZAČÍNAM - GODZONE, ESPÉ ｜ GODZONE TOUR 2022.mp3"
2025-08-12T11:58:22 player: played "Verný Si ：： LCH LIVE!.mp3"
2025-08-12T12:04:38 player: played "Bližšie.mp3"
2025-08-13T07:17:23 player: played "Dôverujem Zas.mp3"
2025-08-13T07:24:07 player: played "Náš Boh.mp3"
2025-08-13T07:30:33 player: played "Po Celý Svoj Život.mp3"
2025-08-13T07:53:59 player: played "DÔVERUJEM ZAS - ESPÉ, KATARÍNA JURA ｜ Godzone tour 2024.mp3"
2025-08-13T08:28:58 player: played "Martin Mitro & Lenka Radvanská ｜ chvály Godzone konferencia 2022.mp3"
2025-08-13T09:19:13 player: played "Chvály z obývačky ｜ Godzone Live zo Španej Doliny.mp3"
2025-08-13T09:27:33 player: played "ESPÉ - Na krídlach lásky (Official).mp3"
2025-08-13T09:38:03 player: played "🎵 ESPÉ - NEKONEČNÁ LÁSKA ｜ ZDVIHNI SVOJ HLAS.mp3"
2025-08-13T10:22:42 player: played "🎵 ESPÉ - ZNOVU POVSTÁVAM ｜ ZDVIHNI SVOJ HLAS.mp3"
2025-08-13T11:52:07 config: inotify: auto_update was disabled. enable during compilation phase
2025-08-14T09:28:40 player: played "🎵 ESPÉ - ZNOVU POVSTÁVAM ｜ ZDVIHNI SVOJ HLAS.mp3"
2025-08-14T09:34:48 player: played "BCC Worship - Jediné miesto.mp3"
2025-08-14T09:41:20 player: played "DÔVERUJEM ZAS - ESPÉ, KATARÍNA JURA ｜ Godzone tour 2024.mp3"
2025-08-14T16:07:47 player: played "ESPÉ - Buď odvážny (Official).mp3"
2025-08-22T10:59:48 config: inotify: auto_update was disabled. enable during compilation phase
2025-08-22T11:07:23 player: played "DÔVERUJEM ZAS - ESPÉ, KATARÍNA JURA ｜ Godzone tour 2024.mp3"
2025-08-23T17:45:31 player: played "🎵 ESPÉ - NEKONEČNÁ LÁSKA ｜ ZDVIHNI SVOJ HLAS.mp3"
2025-08-23T17:55:58 player: played "🎵 ESPÉ - ZNOVU POVSTÁVAM ｜ ZDVIHNI SVOJ HLAS.mp3"
2025-08-23T18:02:06 player: played "BCC Worship - Jediné miesto.mp3"
2025-08-23T18:08:38 player: played "DÔVERUJEM ZAS - ESPÉ, KATARÍNA JURA ｜ Godzone tour 2024.mp3"
2025-08-23T18:17:20 player: played "ESPÉ - Buď odvážny (Official).mp3"
2025-08-23T18:25:24 player: played "ESPÉ - Emanuel (Official).mp3"
2025-08-23T18:33:44 player: played "ESPÉ - Na krídlach lásky (Official).mp3"
2025-08-23T18:40:04 player: played "ESPÉ - Návrat (Official).mp3"
2025-08-23T18:47:34 player: played "ESPÉ - Pre Teba áno (Official) 4K.mp3"
2025-08-23T18:54:22 player: played "ESPÉ - SI CESTA ｜ GODZONE KONFERENCIA 2020.mp3"
2025-08-23T19:04:06 player: played "Godzone Tour 2015 ⧸⧸ Heartbeat ⧸⧸ Verný Boh ⧸⧸ Official Video.mp3"
2025-08-27T05:34:57 player: played "Hýbeš vrchmi - GODZONE  ⧸ Worship Nights.mp3"
2025-09-02T10:26:22 config: inotify: auto_update was disabled. enable during compilation phase
2025-09-02T10:26:22 update: added /Jules Verne - Maják na konci sveta (rozhlasová hra ⧸ 1970 ⧸ slovensky).mp3
2025-09-02T10:26:22 update: added /Interstellar - Hans Zimmer (Soft Version) Sleep, Study, Relax - 1 Hour.mp3
2025-09-02T10:27:20 update: updating /Timothy - MOJE PERY ⧸o,o,o ja Ťa milujem⧸ ｜ OFFICIAL.mp3
2025-09-02T10:27:20 update: updating /Požehnanie - GODZONE (Ft. ESPÉ, Katarina Jura).mp3
2025-09-02T10:27:20 update: updating /V TEBE ZAČÍNAM - GODZONE, ESPÉ ｜ GODZONE TOUR 2022.mp3
2025-09-02T10:27:20 update: updating /Milosťou žijem (live) - JEDEN - PiarMusic.mp3
2025-09-02T10:27:20 update: updating /Ja verím - Godzone, ESPÉ ｜ Worship Nights Live.mp3
2025-09-02T10:27:20 update: updating /Po Celý Svoj Život.mp3
2025-09-02T10:27:20 update: updating /Verný Si ：： LCH LIVE!.mp3
2025-09-02T10:27:20 update: updating /Náš Boh.mp3
2025-09-02T10:27:20 update: updating /ESPÉ - Pre Teba áno (Official) 4K.mp3
2025-09-02T10:27:20 update: updating /ESPÉ - Návrat (Official).mp3
2025-09-02T10:27:20 update: updating /Jules Verne - Maják na konci sveta (rozhlasová hra ⧸ 1970 ⧸ slovensky).mp3
2025-09-02T10:27:20 update: updating /ESPÉ - Buď odvážny (Official).mp3
2025-09-02T10:27:20 update: updating /MÔJ HRIECH TVOJ KRÍŽ - Jakub Slaninka ｜ TWC School LIVESTREAM.mp3
2025-09-02T10:27:20 update: updating /PROSÍM VSTÚP ｜ Timothy a hostia (CF2018 hymna OFFICIAL).mp3
2025-09-02T10:27:20 update: updating /ESPÉ - Na krídlach lásky (Official).mp3
2025-09-02T10:27:20 update: updating /Godzone Tour 2015 ⧸⧸ Heartbeat ⧸⧸ Verný Boh ⧸⧸ Official Video.mp3
2025-09-02T10:27:20 update: updating /🎵 ESPÉ - NEKONEČNÁ LÁSKA ｜ ZDVIHNI SVOJ HLAS.mp3
2025-09-02T10:27:20 update: updating /DÔVERUJEM ZAS - ESPÉ, KATARÍNA JURA ｜ Godzone tour 2024.mp3
2025-09-02T10:27:20 update: updating /Martin Mitro & Lenka Radvanská ｜ chvály Godzone konferencia 2022.mp3
2025-09-02T10:27:20 update: updating /ESPÉ - Emanuel (Official).mp3
2025-09-02T10:27:20 update: updating /Interstellar - Hans Zimmer (Soft Version) Sleep, Study, Relax - 1 Hour.mp3
2025-09-02T10:27:20 update: updating /BCC Worship - Jediné miesto.mp3
2025-09-02T10:27:20 update: updating /🎵 ESPÉ - ZNOVU POVSTÁVAM ｜ ZDVIHNI SVOJ HLAS.mp3
2025-09-02T10:27:20 update: updating /Dôverujem Zas.mp3
2025-09-02T10:27:20 update: updating /ESPÉ - SI CESTA ｜ GODZONE KONFERENCIA 2020.mp3
2025-09-02T10:27:20 update: updating /Bližšie.mp3
2025-09-02T10:27:20 update: updating /Chvály z obývačky ｜ Godzone Live zo Španej Doliny.mp3
2025-09-02T10:27:20 update: updating /Hýbeš vrchmi - GODZONE  ⧸ Worship Nights.mp3
2025-09-02T10:37:25 player: played "Hýbeš vrchmi - GODZONE  ⧸ Worship Nights.mp3"
2025-09-02T13:52:51 player: played "Interstellar - Hans Zimmer (Soft Version) Sleep, Study, Relax - 1 Hour.mp3"
2025-09-04T16:42:41 config: inotify: auto_update was disabled. enable during compilation phase
2025-09-04T16:43:05 player: played "Interstellar - Hans Zimmer (Soft Version) Sleep, Study, Relax - 1 Hour.mp3"
2025-09-17T09:03:02 player: played "Po Celý Svoj Život.mp3"
2025-09-18T08:19:28 config: inotify: auto_update was disabled. enable during compilation phase
2025-09-18T08:25:56 player: played "Po Celý Svoj Život.mp3"
2025-09-18T08:35:29 player: played "Náš Boh.mp3"
2025-09-21T20:51:02 player: played "Dôverujem Zas.mp3"
2025-09-22T10:11:23 config: inotify: auto_update was disabled. enable during compilation phase
2025-09-24T08:43:45 player: played "Po Celý Svoj Život.mp3"
2025-09-24T08:50:29 player: played "Náš Boh.mp3"
2025-09-24T15:25:26 player: played "Dôverujem Zas.mp3"
2025-09-24T15:31:42 player: played "Bližšie.mp3"
2025-09-24T15:39:07 player: played "Verný Si ：： LCH LIVE!.mp3"
2025-09-24T15:48:58 player: played "V TEBE ZAČÍNAM - GODZONE, ESPÉ ｜ GODZONE TOUR 2022.mp3"
2025-09-24T15:56:20 player: played "Timothy - MOJE PERY ⧸o,o,o ja Ťa milujem⧸ ｜ OFFICIAL.mp3"
2025-09-24T16:04:24 player: played "PROSÍM VSTÚP ｜ Timothy a hostia (CF2018 hymna OFFICIAL).mp3"
2025-09-24T16:13:10 player: played "Požehnanie - GODZONE (Ft. ESPÉ, Katarina Jura).mp3"
2025-09-24T16:22:36 player: played "MÔJ HRIECH TVOJ KRÍŽ - Jakub Slaninka ｜ TWC School LIVESTREAM.mp3"
2025-09-24T16:29:53 player: played "Milosťou žijem (live) - JEDEN - PiarMusic.mp3"
2025-09-24T17:04:51 player: played "Martin Mitro & Lenka Radvanská ｜ chvály Godzone konferencia 2022.mp3"
2025-10-09T09:56:50 config: inotify: auto_update was disabled. enable during compilation phase
2025-10-09T10:32:54 player: played "Chvály z obývačky ｜ Godzone Live zo Španej Doliny.mp3"
2025-10-09T10:39:02 player: played "BCC Worship - Jediné miesto.mp3"
2025-10-09T10:49:29 player: played "🎵 ESPÉ - ZNOVU POVSTÁVAM ｜ ZDVIHNI SVOJ HLAS.mp3"
2025-10-10T10:12:23 player: played "Interstellar - Hans Zimmer (Soft Version) Sleep, Study, Relax - 1 Hour.mp3"
2025-10-10T10:53:33 player: played "Interstellar - Hans Zimmer (Soft Version) Sleep, Study, Relax - 1 Hour.mp3"
2025-10-10T11:05:57 config: inotify: auto_update was disabled. enable during compilation phase
2025-10-10T11:32:29 player: played "Interstellar - Hans Zimmer (Soft Version) Sleep, Study, Relax - 1 Hour.mp3"
2025-10-10T11:32:58 update: removing 12 hours Relaxing Music, Rain Sounds,  Beautiful Piano Music, Background Music, Sleep Music.mp3
2025-10-10T11:33:42 player: played "Interstellar - Hans Zimmer (Soft Version) Sleep, Study, Relax - 1 Hour.mp3"
2025-10-10T12:35:50 player: played "Interstellar - Hans Zimmer (Soft Version) Sleep, Study, Relax - 1 Hour.mp3"
2025-10-13T10:26:07 config: inotify: auto_update was disabled. enable during compilation phase
2025-10-13T10:35:35 update: added /Rain Sound On Window with Thunder SoundsㅣHeavy Rain for Sleep, Study and Relaxation, Meditation.mp3
2025-10-13T10:35:51 update: updating /Timothy - MOJE PERY ⧸o,o,o ja Ťa milujem⧸ ｜ OFFICIAL.mp3
2025-10-13T10:35:51 update: updating /Požehnanie - GODZONE (Ft. ESPÉ, Katarina Jura).mp3
2025-10-13T10:35:51 update: updating /V TEBE ZAČÍNAM - GODZONE, ESPÉ ｜ GODZONE TOUR 2022.mp3
2025-10-13T10:35:51 update: updating /Milosťou žijem (live) - JEDEN - PiarMusic.mp3
2025-10-13T10:35:51 update: updating /Ja verím - Godzone, ESPÉ ｜ Worship Nights Live.mp3
2025-10-13T10:35:51 update: updating /Po Celý Svoj Život.mp3
2025-10-13T10:35:51 update: updating /Verný Si ：： LCH LIVE!.mp3
2025-10-13T10:35:51 update: updating /Náš Boh.mp3
2025-10-13T10:35:51 update: updating /ESPÉ - Pre Teba áno (Official) 4K.mp3
2025-10-13T10:35:51 update: updating /ESPÉ - Návrat (Official).mp3
2025-10-13T10:35:51 update: updating /Jules Verne - Maják na konci sveta (rozhlasová hra ⧸ 1970 ⧸ slovensky).mp3
2025-10-13T10:35:51 update: updating /ESPÉ - Buď odvážny (Official).mp3
2025-10-13T10:35:51 update: updating /MÔJ HRIECH TVOJ KRÍŽ - Jakub Slaninka ｜ TWC School LIVESTREAM.mp3
2025-10-13T10:35:51 update: updating /PROSÍM VSTÚP ｜ Timothy a hostia (CF2018 hymna OFFICIAL).mp3
2025-10-13T10:35:51 update: updating /ESPÉ - Na krídlach lásky (Official).mp3
2025-10-13T10:35:51 update: updating /Godzone Tour 2015 ⧸⧸ Heartbeat ⧸⧸ Verný Boh ⧸⧸ Official Video.mp3
2025-10-13T10:35:51 update: updating /🎵 ESPÉ - NEKONEČNÁ LÁSKA ｜ ZDVIHNI SVOJ HLAS.mp3
2025-10-13T10:35:51 update: updating /DÔVERUJEM ZAS - ESPÉ, KATARÍNA JURA ｜ Godzone tour 2024.mp3
2025-10-13T10:35:51 update: updating /Martin Mitro & Lenka Radvanská ｜ chvály Godzone konferencia 2022.mp3
2025-10-13T10:35:51 update: updating /ESPÉ - Emanuel (Official).mp3
2025-10-13T10:35:51 update: updating /Interstellar - Hans Zimmer (Soft Version) Sleep, Study, Relax - 1 Hour.mp3
2025-10-13T10:35:51 update: updating /Rain Sound On Window with Thunder SoundsㅣHeavy Rain for Sleep, Study and Relaxation, Meditation.mp3
2025-10-13T10:35:51 update: updating /BCC Worship - Jediné miesto.mp3
2025-10-13T10:35:51 update: updating /🎵 ESPÉ - ZNOVU POVSTÁVAM ｜ ZDVIHNI SVOJ HLAS.mp3
2025-10-13T10:35:51 update: updating /Dôverujem Zas.mp3
2025-10-13T10:35:51 update: updating /ESPÉ - SI CESTA ｜ GODZONE KONFERENCIA 2020.mp3
2025-10-13T10:35:51 update: updating /Bližšie.mp3
2025-10-13T10:35:51 update: updating /Chvály z obývačky ｜ Godzone Live zo Španej Doliny.mp3
2025-10-13T10:35:51 update: updating /Hýbeš vrchmi - GODZONE  ⧸ Worship Nights.mp3
2025-10-13T10:36:00 update: updating /Timothy - MOJE PERY ⧸o,o,o ja Ťa milujem⧸ ｜ OFFICIAL.mp3
2025-10-13T10:36:00 update: updating /Požehnanie - GODZONE (Ft. ESPÉ, Katarina Jura).mp3
2025-10-13T10:36:00 update: updating /V TEBE ZAČÍNAM - GODZONE, ESPÉ ｜ GODZONE TOUR 2022.mp3
2025-10-13T10:36:00 update: updating /Milosťou žijem (live) - JEDEN - PiarMusic.mp3
2025-10-13T10:36:00 update: updating /Ja verím - Godzone, ESPÉ ｜ Worship Nights Live.mp3
2025-10-13T10:36:00 update: updating /Po Celý Svoj Život.mp3
2025-10-13T10:36:00 update: updating /Verný Si ：： LCH LIVE!.mp3
2025-10-13T10:36:00 update: updating /Náš Boh.mp3
2025-10-13T10:36:00 update: updating /ESPÉ - Pre Teba áno (Official) 4K.mp3
2025-10-13T10:36:00 update: updating /ESPÉ - Návrat (Official).mp3
2025-10-13T10:36:00 update: updating /Jules Verne - Maják na konci sveta (rozhlasová hra ⧸ 1970 ⧸ slovensky).mp3
2025-10-13T10:36:00 update: updating /ESPÉ - Buď odvážny (Official).mp3
2025-10-13T10:36:00 update: updating /MÔJ HRIECH TVOJ KRÍŽ - Jakub Slaninka ｜ TWC School LIVESTREAM.mp3
2025-10-13T10:36:00 update: updating /PROSÍM VSTÚP ｜ Timothy a hostia (CF2018 hymna OFFICIAL).mp3
2025-10-13T10:36:00 update: updating /ESPÉ - Na krídlach lásky (Official).mp3
2025-10-13T10:36:00 update: updating /Godzone Tour 2015 ⧸⧸ Heartbeat ⧸⧸ Verný Boh ⧸⧸ Official Video.mp3
2025-10-13T10:36:00 update: updating /🎵 ESPÉ - NEKONEČNÁ LÁSKA ｜ ZDVIHNI SVOJ HLAS.mp3
2025-10-13T10:36:00 update: updating /DÔVERUJEM ZAS - ESPÉ, KATARÍNA JURA ｜ Godzone tour 2024.mp3
2025-10-13T10:36:00 update: updating /Martin Mitro & Lenka Radvanská ｜ chvály Godzone konferencia 2022.mp3
2025-10-13T10:36:00 update: updating /ESPÉ - Emanuel (Official).mp3
2025-10-13T10:36:00 update: updating /Interstellar - Hans Zimmer (Soft Version) Sleep, Study, Relax - 1 Hour.mp3
2025-10-13T10:36:00 update: updating /Rain Sound On Window with Thunder SoundsㅣHeavy Rain for Sleep, Study and Relaxation, Meditation.mp3
2025-10-13T10:36:00 update: updating /BCC Worship - Jediné miesto.mp3
2025-10-13T10:36:00 update: updating /🎵 ESPÉ - ZNOVU POVSTÁVAM ｜ ZDVIHNI SVOJ HLAS.mp3
2025-10-13T10:36:00 update: updating /Dôverujem Zas.mp3
2025-10-13T10:36:00 update: updating /ESPÉ - SI CESTA ｜ GODZONE KONFERENCIA 2020.mp3
2025-10-13T10:36:00 update: updating /Bližšie.mp3
2025-10-13T10:36:00 update: updating /Chvály z obývačky ｜ Godzone Live zo Španej Doliny.mp3
2025-10-13T10:36:00 update: updating /Hýbeš vrchmi - GODZONE  ⧸ Worship Nights.mp3
2025-10-13T12:03:14 exception: Failed to open "CoreAudio" (osx); The operation couldn’t be completed. (OSStatus error 560947818.)
2025-10-13T12:04:18 player: played "Rain Sound On Window with Thunder SoundsㅣHeavy Rain for Sleep, Study and Relaxation, Meditation.mp3"
2025-10-13T12:04:23 update: updating /Timothy - MOJE PERY ⧸o,o,o ja Ťa milujem⧸ ｜ OFFICIAL.mp3
2025-10-13T12:04:23 update: updating /Požehnanie - GODZONE (Ft. ESPÉ, Katarina Jura).mp3
2025-10-13T12:04:23 update: updating /V TEBE ZAČÍNAM - GODZONE, ESPÉ ｜ GODZONE TOUR 2022.mp3
2025-10-13T12:04:23 update: updating /Milosťou žijem (live) - JEDEN - PiarMusic.mp3
2025-10-13T12:04:23 update: updating /Ja verím - Godzone, ESPÉ ｜ Worship Nights Live.mp3
2025-10-13T12:04:23 update: updating /Po Celý Svoj Život.mp3
2025-10-13T12:04:23 update: updating /Verný Si ：： LCH LIVE!.mp3
2025-10-13T12:04:23 update: updating /Náš Boh.mp3
2025-10-13T12:04:23 update: updating /ESPÉ - Pre Teba áno (Official) 4K.mp3
2025-10-13T12:04:23 update: updating /ESPÉ - Návrat (Official).mp3
2025-10-13T12:04:23 update: updating /Jules Verne - Maják na konci sveta (rozhlasová hra ⧸ 1970 ⧸ slovensky).mp3
2025-10-13T12:04:23 update: updating /ESPÉ - Buď odvážny (Official).mp3
2025-10-13T12:04:23 update: updating /MÔJ HRIECH TVOJ KRÍŽ - Jakub Slaninka ｜ TWC School LIVESTREAM.mp3
2025-10-13T12:04:23 update: updating /PROSÍM VSTÚP ｜ Timothy a hostia (CF2018 hymna OFFICIAL).mp3
2025-10-13T12:04:23 update: updating /ESPÉ - Na krídlach lásky (Official).mp3
2025-10-13T12:04:23 update: updating /Godzone Tour 2015 ⧸⧸ Heartbeat ⧸⧸ Verný Boh ⧸⧸ Official Video.mp3
2025-10-13T12:04:23 update: updating /🎵 ESPÉ - NEKONEČNÁ LÁSKA ｜ ZDVIHNI SVOJ HLAS.mp3
2025-10-13T12:04:23 update: updating /DÔVERUJEM ZAS - ESPÉ, KATARÍNA JURA ｜ Godzone tour 2024.mp3
2025-10-13T12:04:23 update: updating /Martin Mitro & Lenka Radvanská ｜ chvály Godzone konferencia 2022.mp3
2025-10-13T12:04:23 update: updating /ESPÉ - Emanuel (Official).mp3
2025-10-13T12:04:23 update: updating /Interstellar - Hans Zimmer (Soft Version) Sleep, Study, Relax - 1 Hour.mp3
2025-10-13T12:04:23 update: updating /Rain Sound On Window with Thunder SoundsㅣHeavy Rain for Sleep, Study and Relaxation, Meditation.mp3
2025-10-13T12:04:23 update: updating /BCC Worship - Jediné miesto.mp3
2025-10-13T12:04:23 update: updating /🎵 ESPÉ - ZNOVU POVSTÁVAM ｜ ZDVIHNI SVOJ HLAS.mp3
2025-10-13T12:04:23 update: updating /Dôverujem Zas.mp3
2025-10-13T12:04:23 update: updating /ESPÉ - SI CESTA ｜ GODZONE KONFERENCIA 2020.mp3
2025-10-13T12:04:23 update: updating /Bližšie.mp3
2025-10-13T12:04:23 update: updating /Chvály z obývačky ｜ Godzone Live zo Španej Doliny.mp3
2025-10-13T12:04:23 update: updating /Hýbeš vrchmi - GODZONE  ⧸ Worship Nights.mp3
2025-10-13T12:04:35 exception: Failed to open "CoreAudio" (osx); The operation couldn’t be completed. (OSStatus error 560947818.)
2025-10-13T12:04:40 exception: Failed to open "CoreAudio" (osx); The operation couldn’t be completed. (OSStatus error 560947818.)
2025-10-13T12:04:46 exception: Failed to open "CoreAudio" (osx); The operation couldn’t be completed. (OSStatus error 560947818.)
2025-10-13T12:04:50 exception: Failed to open "CoreAudio" (osx); The operation couldn’t be completed. (OSStatus error 560947818.)
2025-10-13T12:05:13 exception: Failed to open "CoreAudio" (osx); The operation couldn’t be completed. (OSStatus error 560947818.)
2025-10-13T12:05:22 exception: Failed to open "CoreAudio" (osx); The operation couldn’t be completed. (OSStatus error 560947818.)
2025-10-13T12:05:28 exception: Failed to open "CoreAudio" (osx); The operation couldn’t be completed. (OSStatus error 560947818.)
2025-10-13T12:05:30 exception: Failed to open "CoreAudio" (osx); The operation couldn’t be completed. (OSStatus error 560947818.)
2025-10-13T12:05:32 exception: Failed to open "CoreAudio" (osx); The operation couldn’t be completed. (OSStatus error 560947818.)
2025-10-13T12:07:05 player: played "Hýbeš vrchmi - GODZONE  ⧸ Worship Nights.mp3"
2025-10-13T12:07:19 exception: Failed to open "CoreAudio" (osx); The operation couldn’t be completed. (OSStatus error 560947818.)
2025-10-13T12:07:24 exception: Failed to open "CoreAudio" (osx); The operation couldn’t be completed. (OSStatus error 560947818.)
2025-10-13T12:07:27 exception: Failed to open "CoreAudio" (osx); The operation couldn’t be completed. (OSStatus error 560947818.)
2025-10-13T12:07:41 exception: Failed to open "CoreAudio" (osx); The operation couldn’t be completed. (OSStatus error 560947818.)
2025-10-13T12:15:39 player: played "Hýbeš vrchmi - GODZONE  ⧸ Worship Nights.mp3"
2025-10-13T12:15:39 exception: Failed to open "CoreAudio" (osx); The operation couldn’t be completed. (OSStatus error 560947818.)
2025-10-13T12:24:57 player: played "Ja verím - Godzone, ESPÉ ｜ Worship Nights Live.mp3"
2025-10-13T12:24:57 exception: Failed to open "CoreAudio" (osx); The operation couldn’t be completed. (OSStatus error 560947818.)
2025-10-13T12:46:52 player: played "Godzone Tour 2015 ⧸⧸ Heartbeat ⧸⧸ Verný Boh ⧸⧸ Official Video.mp3"
2025-10-13T12:46:52 exception: Failed to open "CoreAudio" (osx); The operation couldn’t be completed. (OSStatus error 560947818.)
2025-10-13T12:46:53 player: played "ESPÉ - SI CESTA ｜ GODZONE KONFERENCIA 2020.mp3"
2025-10-13T12:46:53 exception: Failed to open "CoreAudio" (osx); The operation couldn’t be completed. (OSStatus error 560947818.)
2025-10-13T12:48:59 player: played "ESPÉ - Pre Teba áno (Official) 4K.mp3"
2025-10-13T12:48:59 exception: Failed to open "CoreAudio" (osx); The operation couldn’t be completed. (OSStatus error 560947818.)
2025-10-13T12:55:19 player: played "ESPÉ - Návrat (Official).mp3"
2025-10-13T12:55:19 exception: Failed to open "CoreAudio" (osx); The operation couldn’t be completed. (OSStatus error 560947818.)
2025-10-13T13:03:39 player: played "ESPÉ - Na krídlach lásky (Official).mp3"
2025-10-13T13:03:39 exception: Failed to open "CoreAudio" (osx); The operation couldn’t be completed. (OSStatus error 560947818.)
2025-10-13T13:25:01 player: played "🎵 ESPÉ - NEKONEČNÁ LÁSKA ｜ ZDVIHNI SVOJ HLAS.mp3"
2025-10-13T13:25:01 exception: Failed to open "CoreAudio" (osx); The operation couldn’t be completed. (OSStatus error 560947818.)
2025-10-13T13:25:01 player: played "ESPÉ - Emanuel (Official).mp3"
2025-10-13T13:25:01 exception: Failed to open "CoreAudio" (osx); The operation couldn’t be completed. (OSStatus error 560947818.)
2025-10-13T15:10:58 exception: Failed to open "CoreAudio" (osx); The operation couldn’t be completed. (OSStatus error 560947818.)
2025-10-13T15:11:04 exception: Failed to open "CoreAudio" (osx); The operation couldn’t be completed. (OSStatus error 560947818.)
2025-10-13T15:11:05 exception: Failed to open "CoreAudio" (osx); The operation couldn’t be completed. (OSStatus error 560947818.)
2025-10-13T15:11:07 exception: Failed to open "CoreAudio" (osx); The operation couldn’t be completed. (OSStatus error 560947818.)
2025-10-13T17:57:47 exception: Failed to open "CoreAudio" (osx); The operation couldn’t be completed. (OSStatus error 560947818.)
2025-10-13T20:44:28 exception: Failed to open "CoreAudio" (osx); The operation couldn’t be completed. (OSStatus error 560947818.)
Note: Illegal Audio-MPEG-Header 0x2e796f75 at offset 849907769.
Note: Trying to resync...
Note: Hit end of (available) data during resync.
2025-10-13T20:50:42 player: played "Rain Sound On Window with Thunder SoundsㅣHeavy Rain for Sleep, Study and Relaxation, Meditation.mp3"
2025-10-15T09:27:14 exception: Failed to open "CoreAudio" (osx); The operation couldn’t be completed. (OSStatus error 560947818.)
2025-10-15T09:27:27 exception: Failed to open "CoreAudio" (osx); The operation couldn’t be completed. (OSStatus error 560947818.)
2025-10-15T09:27:30 exception: Failed to open "CoreAudio" (osx); The operation couldn’t be completed. (OSStatus error 560947818.)
2025-10-15T10:29:35 player: played "Interstellar - Hans Zimmer (Soft Version) Sleep, Study, Relax - 1 Hour.mp3"
2025-10-20T09:25:55 config: inotify: auto_update was disabled. enable during compilation phase
2025-10-20T09:35:22 player: played "Ja verím - Godzone, ESPÉ ｜ Worship Nights Live.mp3"
2025-10-20T09:44:08 player: played "PROSÍM VSTÚP ｜ Timothy a hostia (CF2018 hymna OFFICIAL).mp3"
2025-10-20T09:54:44 player: played "MÔJ HRIECH TVOJ KRÍŽ - Jakub Slaninka ｜ TWC School LIVESTREAM.mp3"
2025-10-20T10:02:02 player: played "Milosťou žijem (live) - JEDEN - PiarMusic.mp3"
2025-10-20T10:37:00 player: played "Martin Mitro & Lenka Radvanská ｜ chvály Godzone konferencia 2022.mp3"
2025-10-20T11:42:49 player: played "Interstellar - Hans Zimmer (Soft Version) Sleep, Study, Relax - 1 Hour.mp3"
2025-10-20T11:51:34 player: played "Požehnanie - GODZONE (Ft. ESPÉ, Katarina Jura).mp3"
2025-10-20T12:01:00 player: played "MÔJ HRIECH TVOJ KRÍŽ - Jakub Slaninka ｜ TWC School LIVESTREAM.mp3"
2025-10-20T12:08:17 player: played "Milosťou žijem (live) - JEDEN - PiarMusic.mp3"
2025-10-20T12:43:16 player: played "Martin Mitro & Lenka Radvanská ｜ chvály Godzone konferencia 2022.mp3"
2025-10-20T13:32:01 player: played "Ja verím - Godzone, ESPÉ ｜ Worship Nights Live.mp3"
2025-10-20T13:38:33 player: played "DÔVERUJEM ZAS - ESPÉ, KATARÍNA JURA ｜ Godzone tour 2024.mp3"
2025-10-20T13:47:15 player: played "ESPÉ - Buď odvážny (Official).mp3"
2025-10-20T13:55:19 player: played "ESPÉ - Emanuel (Official).mp3"
2025-10-20T14:03:39 player: played "ESPÉ - Na krídlach lásky (Official).mp3"
2025-10-20T14:09:59 player: played "ESPÉ - Návrat (Official).mp3"
2025-10-20T14:17:29 player: played "ESPÉ - Pre Teba áno (Official) 4K.mp3"
2025-10-21T08:49:27 player: played "ESPÉ - SI CESTA ｜ GODZONE KONFERENCIA 2020.mp3"
2025-10-21T10:09:32 exception: Failed to open "CoreAudio" (osx); The operation couldn’t be completed. (OSStatus error 560947818.)
2025-10-21T10:12:31 exception: Failed to open "CoreAudio" (osx); The operation couldn’t be completed. (OSStatus error 560947818.)
2025-10-21T10:12:46 exception: Failed to open "CoreAudio" (osx); The operation couldn’t be completed. (OSStatus error 560947818.)
2025-10-21T10:12:57 exception: Failed to open "CoreAudio" (osx); The operation couldn’t be completed. (OSStatus error 560947818.)
2025-10-21T10:13:06 exception: Failed to open "CoreAudio" (osx); The operation couldn’t be completed. (OSStatus error 560947818.)
2025-10-21T10:13:11 exception: Failed to open "CoreAudio" (osx); The operation couldn’t be completed. (OSStatus error 560947818.)
2025-10-21T10:13:12 exception: Failed to open "CoreAudio" (osx); The operation couldn’t be completed. (OSStatus error 560947818.)
2025-10-21T10:18:30 exception: Failed to open "CoreAudio" (osx); The operation couldn’t be completed. (OSStatus error 560947818.)
2025-10-21T10:18:42 exception: Failed to open "CoreAudio" (osx); The operation couldn’t be completed. (OSStatus error 560947818.)
2025-10-21T10:18:44 exception: Failed to open "CoreAudio" (osx); The operation couldn’t be completed. (OSStatus error 560947818.)
2025-10-21T10:19:38 player: played "Ja verím - Godzone, ESPÉ ｜ Worship Nights Live.mp3"
2025-10-21T10:24:17 config: inotify: auto_update was disabled. enable during compilation phase
2025-10-21T10:34:47 player: played "Ja verím - Godzone, ESPÉ ｜ Worship Nights Live.mp3"
2025-10-21T11:02:44 player: played "Požehnanie - GODZONE (Ft. ESPÉ, Katarina Jura).mp3"
2025-10-21T11:18:23 player: played "Milosťou žijem (live) - JEDEN - PiarMusic.mp3"
2025-10-21T11:53:21 player: played "Martin Mitro & Lenka Radvanská ｜ chvály Godzone konferencia 2022.mp3"
2025-10-21T12:03:00 player: played "Ja verím - Godzone, ESPÉ ｜ Worship Nights Live.mp3"
2025-10-21T12:09:31 player: played "DÔVERUJEM ZAS - ESPÉ, KATARÍNA JURA ｜ Godzone tour 2024.mp3"
2025-10-21T12:18:14 player: played "ESPÉ - Buď odvážny (Official).mp3"
2025-10-21T13:53:06 player: played "ESPÉ - Emanuel (Official).mp3"
2025-10-21T14:01:27 player: played "ESPÉ - Na krídlach lásky (Official).mp3"
2025-10-21T14:07:46 player: played "ESPÉ - Návrat (Official).mp3"
2025-10-21T14:15:17 player: played "ESPÉ - Pre Teba áno (Official) 4K.mp3"
2025-10-21T14:25:01 player: played "Godzone Tour 2015 ⧸⧸ Heartbeat ⧸⧸ Verný Boh ⧸⧸ Official Video.mp3"
2025-10-21T14:33:04 player: played "Hýbeš vrchmi - GODZONE  ⧸ Worship Nights.mp3"
2025-10-22T17:00:08 player: played "V TEBE ZAČÍNAM - GODZONE, ESPÉ ｜ GODZONE TOUR 2022.mp3"
2025-10-22T17:07:33 player: played "Verný Si ：： LCH LIVE!.mp3"
2025-10-22T17:13:49 player: played "Bližšie.mp3"
2025-10-22T17:19:55 player: played "Dôverujem Zas.mp3"
2025-10-22T17:26:39 player: played "Náš Boh.mp3"
2025-10-22T17:33:04 player: played "Po Celý Svoj Život.mp3"
2025-10-22T17:54:13 player: played "Požehnanie - GODZONE (Ft. ESPÉ, Katarina Jura).mp3"
2025-10-22T18:01:55 player: played "Milosťou žijem (live) - JEDEN - PiarMusic.mp3"
2025-10-23T09:11:51 player: played "Martin Mitro & Lenka Radvanská ｜ chvály Godzone konferencia 2022.mp3"
